Run dotnet build Backend/ConsultCore31.sln --configuration Release --no-restore
Warning: D:\a\AI4Devs-finalproject-finalproject-MRR\AI4Devs-finalproject-finalproject-MRR\Backend\src\ConsultCore31.Core\Entities\KPI.cs(130,21): warning CS0108: 'KPI.FechaCreacion' hides inherited member 'BaseEntity<int>.FechaCreacion'. Use the new keyword if hiding was intended. [D:\a\AI4Devs-finalproject-finalproject-MRR\AI4Devs-finalproject-finalproject-MRR\Backend\src\ConsultCore31.Core\ConsultCore31.Core.csproj]
Warning: D:\a\AI4Devs-finalproject-finalproject-MRR\AI4Devs-finalproject-finalproject-MRR\Backend\src\ConsultCore31.Core\Entities\InformeSemanal.cs(130,21): warning CS0108: 'InformeSemanal.FechaCreacion' hides inherited member 'BaseEntity<int>.FechaCreacion'. Use the new keyword if hiding was intended. [D:\a\AI4Devs-finalproject-finalproject-MRR\AI4Devs-finalproject-finalproject-MRR\Backend\src\ConsultCore31.Core\ConsultCore31.Core.csproj]
Warning: D:\a\AI4Devs-finalproject-finalproject-MRR\AI4Devs-finalproject-finalproject-MRR\Backend\src\ConsultCore31.Core\Entities\VersionDocumento.cs(62,21): warning CS0108: 'VersionDocumento.FechaCreacion' hides inherited member 'BaseEntity<int>.FechaCreacion'. Use the new keyword if hiding was intended. [D:\a\AI4Devs-finalproject-finalproject-MRR\AI4Devs-finalproject-finalproject-MRR\Backend\src\ConsultCore31.Core\ConsultCore31.Core.csproj]
Warning: D:\a\AI4Devs-finalproject-finalproject-MRR\AI4Devs-finalproject-finalproject-MRR\Backend\src\ConsultCore31.Core\Interfaces\IUsuarioRepository.cs(32,72): warning CS8625: Cannot convert null literal to non-nullable reference type. [D:\a\AI4Devs-finalproject-finalproject-MRR\AI4Devs-finalproject-finalproject-MRR\Backend\src\ConsultCore31.Core\ConsultCore31.Core.csproj]
Warning: D:\a\AI4Devs-finalproject-finalproject-MRR\AI4Devs-finalproject-finalproject-MRR\Backend\src\ConsultCore31.Core\Entities\CarpetaDocumento.cs(62,21): warning CS0108: 'CarpetaDocumento.FechaCreacion' hides inherited member 'BaseEntity<int>.FechaCreacion'. Use the new keyword if hiding was intended. [D:\a\AI4Devs-finalproject-finalproject-MRR\AI4Devs-finalproject-finalproject-MRR\Backend\src\ConsultCore31.Core\ConsultCore31.Core.csproj]
Warning: D:\a\AI4Devs-finalproject-finalproject-MRR\AI4Devs-finalproject-finalproject-MRR\Backend\src\ConsultCore31.Core\Entities\ComentarioTarea.cs(54,21): warning CS0108: 'ComentarioTarea.FechaCreacion' hides inherited member 'BaseEntity<int>.FechaCreacion'. Use the new keyword if hiding was intended. [D:\a\AI4Devs-finalproject-finalproject-MRR\AI4Devs-finalproject-finalproject-MRR\Backend\src\ConsultCore31.Core\ConsultCore31.Core.csproj]
Warning: D:\a\AI4Devs-finalproject-finalproject-MRR\AI4Devs-finalproject-finalproject-MRR\Backend\src\ConsultCore31.Core\Entities\Tarea.cs(78,21): warning CS0108: 'Tarea.FechaCreacion' hides inherited member 'BaseEntity<int>.FechaCreacion'. Use the new keyword if hiding was intended. [D:\a\AI4Devs-finalproject-finalproject-MRR\AI4Devs-finalproject-finalproject-MRR\Backend\src\ConsultCore31.Core\ConsultCore31.Core.csproj]
Warning: D:\a\AI4Devs-finalproject-finalproject-MRR\AI4Devs-finalproject-finalproject-MRR\Backend\src\ConsultCore31.Core\Entities\Documento.cs(95,22): warning CS0108: 'Documento.FechaModificacion' hides inherited member 'BaseEntity<int>.FechaModificacion'. Use the new keyword if hiding was intended. [D:\a\AI4Devs-finalproject-finalproject-MRR\AI4Devs-finalproject-finalproject-MRR\Backend\src\ConsultCore31.Core\ConsultCore31.Core.csproj]
Warning: D:\a\AI4Devs-finalproject-finalproject-MRR\AI4Devs-finalproject-finalproject-MRR\Backend\src\ConsultCore31.Core\Entities\Menu.cs(20,23): warning CS8618: Non-nullable property 'MenuNombre' must contain a non-null value when exiting constructor. Consider adding the 'required' modifier or declaring the property as nullable. [D:\a\AI4Devs-finalproject-finalproject-MRR\AI4Devs-finalproject-finalproject-MRR\Backend\src\ConsultCore31.Core\ConsultCore31.Core.csproj]
Warning: D:\a\AI4Devs-finalproject-finalproject-MRR\AI4Devs-finalproject-finalproject-MRR\Backend\src\ConsultCore31.Core\Entities\Menu.cs(27,23): warning CS8618: Non-nullable property 'Descripcion' must contain a non-null value when exiting constructor. Consider adding the 'required' modifier or declaring the property as nullable. [D:\a\AI4Devs-finalproject-finalproject-MRR\AI4Devs-finalproject-finalproject-MRR\Backend\src\ConsultCore31.Core\ConsultCore31.Core.csproj]
Warning: D:\a\AI4Devs-finalproject-finalproject-MRR\AI4Devs-finalproject-finalproject-MRR\Backend\src\ConsultCore31.Core\Entities\Menu.cs(34,23): warning CS8618: Non-nullable property 'Icono' must contain a non-null value when exiting constructor. Consider adding the 'required' modifier or declaring the property as nullable. [D:\a\AI4Devs-finalproject-finalproject-MRR\AI4Devs-finalproject-finalproject-MRR\Backend\src\ConsultCore31.Core\ConsultCore31.Core.csproj]
Warning: D:\a\AI4Devs-finalproject-finalproject-MRR\AI4Devs-finalproject-finalproject-MRR\Backend\src\ConsultCore31.Core\Entities\Menu.cs(41,23): warning CS8618: Non-nullable property 'Ruta' must contain a non-null value when exiting constructor. Consider adding the 'required' modifier or declaring the property as nullable. [D:\a\AI4Devs-finalproject-finalproject-MRR\AI4Devs-finalproject-finalproject-MRR\Backend\src\ConsultCore31.Core\ConsultCore31.Core.csproj]
Warning: D:\a\AI4Devs-finalproject-finalproject-MRR\AI4Devs-finalproject-finalproject-MRR\Backend\src\ConsultCore31.Core\Entities\Menu.cs(60,29): warning CS8618: Non-nullable property 'MenuPadre' must contain a non-null value when exiting constructor. Consider adding the 'required' modifier or declaring the property as nullable. [D:\a\AI4Devs-finalproject-finalproject-MRR\AI4Devs-finalproject-finalproject-MRR\Backend\src\ConsultCore31.Core\ConsultCore31.Core.csproj]
Warning: D:\a\AI4Devs-finalproject-finalproject-MRR\AI4Devs-finalproject-finalproject-MRR\Backend\src\ConsultCore31.Core\Common\BaseEntity.cs(21,21): warning CS8618: Non-nullable property 'Id' must contain a non-null value when exiting constructor. Consider adding the 'required' modifier or declaring the property as nullable. [D:\a\AI4Devs-finalproject-finalproject-MRR\AI4Devs-finalproject-finalproject-MRR\Backend\src\ConsultCore31.Core\ConsultCore31.Core.csproj]
Warning: D:\a\AI4Devs-finalproject-finalproject-MRR\AI4Devs-finalproject-finalproject-MRR\Backend\src\ConsultCore31.Core\Entities\Acceso.cs(40,31): warning CS8618: Non-nullable property 'Perfil' must contain a non-null value when exiting constructor. Consider adding the 'required' modifier or declaring the property as nullable. [D:\a\AI4Devs-finalproject-finalproject-MRR\AI4Devs-finalproject-finalproject-MRR\Backend\src\ConsultCore31.Core\ConsultCore31.Core.csproj]
Warning: D:\a\AI4Devs-finalproject-finalproject-MRR\AI4Devs-finalproject-finalproject-MRR\Backend\src\ConsultCore31.Core\Entities\Acceso.cs(46,31): warning CS8618: Non-nullable property 'Objeto' must contain a non-null value when exiting constructor. Consider adding the 'required' modifier or declaring the property as nullable. [D:\a\AI4Devs-finalproject-finalproject-MRR\AI4Devs-finalproject-finalproject-MRR\Backend\src\ConsultCore31.Core\ConsultCore31.Core.csproj]
Warning: D:\a\AI4Devs-finalproject-finalproject-MRR\AI4Devs-finalproject-finalproject-MRR\Backend\src\ConsultCore31.Core\Entities\Menu.cs(65,42): warning CA2227: Change 'SubMenus' to be read-only by removing the property setter (https://learn.microsoft.com/dotnet/fundamentals/code-analysis/quality-rules/ca2227) [D:\a\AI4Devs-finalproject-finalproject-MRR\AI4Devs-finalproject-finalproject-MRR\Backend\src\ConsultCore31.Core\ConsultCore31.Core.csproj]
Warning: D:\a\AI4Devs-finalproject-finalproject-MRR\AI4Devs-finalproject-finalproject-MRR\Backend\src\ConsultCore31.Core\Entities\Menu.cs(70,44): warning CA2227: Change 'Objetos' to be read-only by removing the property setter (https://learn.microsoft.com/dotnet/fundamentals/code-analysis/quality-rules/ca2227) [D:\a\AI4Devs-finalproject-finalproject-MRR\AI4Devs-finalproject-finalproject-MRR\Backend\src\ConsultCore31.Core\ConsultCore31.Core.csproj]
Warning: D:\a\AI4Devs-finalproject-finalproject-MRR\AI4Devs-finalproject-finalproject-MRR\Backend\src\ConsultCore31.Core\Entities\Moneda.cs(83,40): warning CA2227: Change 'Gastos' to be read-only by removing the property setter (https://learn.microsoft.com/dotnet/fundamentals/code-analysis/quality-rules/ca2227) [D:\a\AI4Devs-finalproject-finalproject-MRR\AI4Devs-finalproject-finalproject-MRR\Backend\src\ConsultCore31.Core\ConsultCore31.Core.csproj]
Warning: D:\a\AI4Devs-finalproject-finalproject-MRR\AI4Devs-finalproject-finalproject-MRR\Backend\src\ConsultCore31.Core\Entities\ObjetoTipo.cs(43,40): warning CA2227: Change 'Objetos' to be read-only by removing the property setter (https://learn.microsoft.com/dotnet/fundamentals/code-analysis/quality-rules/ca2227) [D:\a\AI4Devs-finalproject-finalproject-MRR\AI4Devs-finalproject-finalproject-MRR\Backend\src\ConsultCore31.Core\ConsultCore31.Core.csproj]
Warning: D:\a\AI4Devs-finalproject-finalproject-MRR\AI4Devs-finalproject-finalproject-MRR\Backend\src\ConsultCore31.Core\Entities\CategoriaGasto.cs(74,40): warning CA2227: Change 'Gastos' to be read-only by removing the property setter (https://learn.microsoft.com/dotnet/fundamentals/code-analysis/quality-rules/ca2227) [D:\a\AI4Devs-finalproject-finalproject-MRR\AI4Devs-finalproject-finalproject-MRR\Backend\src\ConsultCore31.Core\ConsultCore31.Core.csproj]
Warning: D:\a\AI4Devs-finalproject-finalproject-MRR\AI4Devs-finalproject-finalproject-MRR\Backend\src\ConsultCore31.Core\Entities\Usuario.cs(101,46): warning CA2227: Change 'RefreshTokens' to be read-only by removing the property setter (https://learn.microsoft.com/dotnet/fundamentals/code-analysis/quality-rules/ca2227) [D:\a\AI4Devs-finalproject-finalproject-MRR\AI4Devs-finalproject-finalproject-MRR\Backend\src\ConsultCore31.Core\ConsultCore31.Core.csproj]
Warning: D:\a\AI4Devs-finalproject-finalproject-MRR\AI4Devs-finalproject-finalproject-MRR\Backend\src\ConsultCore31.Core\Entities\EstadoTarea.cs(75,40): warning CA2227: Change 'Tareas' to be read-only by removing the property setter (https://learn.microsoft.com/dotnet/fundamentals/code-analysis/quality-rules/ca2227) [D:\a\AI4Devs-finalproject-finalproject-MRR\AI4Devs-finalproject-finalproject-MRR\Backend\src\ConsultCore31.Core\ConsultCore31.Core.csproj]
Warning: D:\a\AI4Devs-finalproject-finalproject-MRR\AI4Devs-finalproject-finalproject-MRR\Backend\src\ConsultCore31.Core\Entities\FrecuenciaMedicion.cs(59,38): warning CA2227: Change 'KPIs' to be read-only by removing the property setter (https://learn.microsoft.com/dotnet/fundamentals/code-analysis/quality-rules/ca2227) [D:\a\AI4Devs-finalproject-finalproject-MRR\AI4Devs-finalproject-finalproject-MRR\Backend\src\ConsultCore31.Core\ConsultCore31.Core.csproj]
Warning: D:\a\AI4Devs-finalproject-finalproject-MRR\AI4Devs-finalproject-finalproject-MRR\Backend\src\ConsultCore31.Core\Entities\TipoKPI.cs(67,38): warning CA2227: Change 'KPIs' to be read-only by removing the property setter (https://learn.microsoft.com/dotnet/fundamentals/code-analysis/quality-rules/ca2227) [D:\a\AI4Devs-finalproject-finalproject-MRR\AI4Devs-finalproject-finalproject-MRR\Backend\src\ConsultCore31.Core\ConsultCore31.Core.csproj]
Warning: D:\a\AI4Devs-finalproject-finalproject-MRR\AI4Devs-finalproject-finalproject-MRR\Backend\src\ConsultCore31.Core\Entities\TipoMovimientoViatico.cs(67,52): warning CA2227: Change 'MovimientosViatico' to be read-only by removing the property setter (https://learn.microsoft.com/dotnet/fundamentals/code-analysis/quality-rules/ca2227) [D:\a\AI4Devs-finalproject-finalproject-MRR\AI4Devs-finalproject-finalproject-MRR\Backend\src\ConsultCore31.Core\ConsultCore31.Core.csproj]
Warning: D:\a\AI4Devs-finalproject-finalproject-MRR\AI4Devs-finalproject-finalproject-MRR\Backend\src\ConsultCore31.Core\Entities\Documento.cs(192,51): warning CA2227: Change 'VersionesDocumento' to be read-only by removing the property setter (https://learn.microsoft.com/dotnet/fundamentals/code-analysis/quality-rules/ca2227) [D:\a\AI4Devs-finalproject-finalproject-MRR\AI4Devs-finalproject-finalproject-MRR\Backend\src\ConsultCore31.Core\ConsultCore31.Core.csproj]
Warning: D:\a\AI4Devs-finalproject-finalproject-MRR\AI4Devs-finalproject-finalproject-MRR\Backend\src\ConsultCore31.Core\Entities\TipoProyecto.cs(51,43): warning CA2227: Change 'Proyectos' to be read-only by removing the property setter (https://learn.microsoft.com/dotnet/fundamentals/code-analysis/quality-rules/ca2227) [D:\a\AI4Devs-finalproject-finalproject-MRR\AI4Devs-finalproject-finalproject-MRR\Backend\src\ConsultCore31.Core\ConsultCore31.Core.csproj]
Warning: D:\a\AI4Devs-finalproject-finalproject-MRR\AI4Devs-finalproject-finalproject-MRR\Backend\src\ConsultCore31.Core\Entities\Tarea.cs(194,50): warning CA2227: Change 'Comentarios' to be read-only by removing the property setter (https://learn.microsoft.com/dotnet/fundamentals/code-analysis/quality-rules/ca2227) [D:\a\AI4Devs-finalproject-finalproject-MRR\AI4Devs-finalproject-finalproject-MRR\Backend\src\ConsultCore31.Core\ConsultCore31.Core.csproj]
Warning: D:\a\AI4Devs-finalproject-finalproject-MRR\AI4Devs-finalproject-finalproject-MRR\Backend\src\ConsultCore31.Core\Entities\Tarea.cs(199,49): warning CA2227: Change 'ArchivosAdjuntos' to be read-only by removing the property setter (https://learn.microsoft.com/dotnet/fundamentals/code-analysis/quality-rules/ca2227) [D:\a\AI4Devs-finalproject-finalproject-MRR\AI4Devs-finalproject-finalproject-MRR\Backend\src\ConsultCore31.Core\ConsultCore31.Core.csproj]
Warning: D:\a\AI4Devs-finalproject-finalproject-MRR\AI4Devs-finalproject-finalproject-MRR\Backend\src\ConsultCore31.Core\Entities\TipoDocumento.cs(66,44): warning CA2227: Change 'Documentos' to be read-only by removing the property setter (https://learn.microsoft.com/dotnet/fundamentals/code-analysis/quality-rules/ca2227) [D:\a\AI4Devs-finalproject-finalproject-MRR\AI4Devs-finalproject-finalproject-MRR\Backend\src\ConsultCore31.Core\ConsultCore31.Core.csproj]
Warning: D:\a\AI4Devs-finalproject-finalproject-MRR\AI4Devs-finalproject-finalproject-MRR\Backend\src\ConsultCore31.Core\Entities\Cliente.cs(120,43): warning CA2227: Change 'Proyectos' to be read-only by removing the property setter (https://learn.microsoft.com/dotnet/fundamentals/code-analysis/quality-rules/ca2227) [D:\a\AI4Devs-finalproject-finalproject-MRR\AI4Devs-finalproject-finalproject-MRR\Backend\src\ConsultCore31.Core\ConsultCore31.Core.csproj]
Warning: D:\a\AI4Devs-finalproject-finalproject-MRR\AI4Devs-finalproject-finalproject-MRR\Backend\src\ConsultCore31.Core\Entities\Cliente.cs(125,50): warning CA2227: Change 'Contactos' to be read-only by removing the property setter (https://learn.microsoft.com/dotnet/fundamentals/code-analysis/quality-rules/ca2227) [D:\a\AI4Devs-finalproject-finalproject-MRR\AI4Devs-finalproject-finalproject-MRR\Backend\src\ConsultCore31.Core\ConsultCore31.Core.csproj]
Warning: D:\a\AI4Devs-finalproject-finalproject-MRR\AI4Devs-finalproject-finalproject-MRR\Backend\src\ConsultCore31.Core\Entities\EtapaProyecto.cs(130,40): warning CA2227: Change 'Tareas' to be read-only by removing the property setter (https://learn.microsoft.com/dotnet/fundamentals/code-analysis/quality-rules/ca2227) [D:\a\AI4Devs-finalproject-finalproject-MRR\AI4Devs-finalproject-finalproject-MRR\Backend\src\ConsultCore31.Core\ConsultCore31.Core.csproj]
Warning: D:\a\AI4Devs-finalproject-finalproject-MRR\AI4Devs-finalproject-finalproject-MRR\Backend\src\ConsultCore31.Core\Entities\EtapaProyecto.cs(135,44): warning CA2227: Change 'Documentos' to be read-only by removing the property setter (https://learn.microsoft.com/dotnet/fundamentals/code-analysis/quality-rules/ca2227) [D:\a\AI4Devs-finalproject-finalproject-MRR\AI4Devs-finalproject-finalproject-MRR\Backend\src\ConsultCore31.Core\ConsultCore31.Core.csproj]
Warning: D:\a\AI4Devs-finalproject-finalproject-MRR\AI4Devs-finalproject-finalproject-MRR\Backend\src\ConsultCore31.Core\Entities\Proyecto.cs(177,40): warning CA2227: Change 'Tareas' to be read-only by removing the property setter (https://learn.microsoft.com/dotnet/fundamentals/code-analysis/quality-rules/ca2227) [D:\a\AI4Devs-finalproject-finalproject-MRR\AI4Devs-finalproject-finalproject-MRR\Backend\src\ConsultCore31.Core\ConsultCore31.Core.csproj]
Warning: D:\a\AI4Devs-finalproject-finalproject-MRR\AI4Devs-finalproject-finalproject-MRR\Backend\src\ConsultCore31.Core\Entities\Proyecto.cs(172,48): warning CA2227: Change 'EtapasProyecto' to be read-only by removing the property setter (https://learn.microsoft.com/dotnet/fundamentals/code-analysis/quality-rules/ca2227) [D:\a\AI4Devs-finalproject-finalproject-MRR\AI4Devs-finalproject-finalproject-MRR\Backend\src\ConsultCore31.Core\ConsultCore31.Core.csproj]
Warning: D:\a\AI4Devs-finalproject-finalproject-MRR\AI4Devs-finalproject-finalproject-MRR\Backend\src\ConsultCore31.Core\Entities\Proyecto.cs(182,44): warning CA2227: Change 'Documentos' to be read-only by removing the property setter (https://learn.microsoft.com/dotnet/fundamentals/code-analysis/quality-rules/ca2227) [D:\a\AI4Devs-finalproject-finalproject-MRR\AI4Devs-finalproject-finalproject-MRR\Backend\src\ConsultCore31.Core\ConsultCore31.Core.csproj]
Warning: D:\a\AI4Devs-finalproject-finalproject-MRR\AI4Devs-finalproject-finalproject-MRR\Backend\src\ConsultCore31.Core\Entities\Proyecto.cs(187,38): warning CA2227: Change 'KPIs' to be read-only by removing the property setter (https://learn.microsoft.com/dotnet/fundamentals/code-analysis/quality-rules/ca2227) [D:\a\AI4Devs-finalproject-finalproject-MRR\AI4Devs-finalproject-finalproject-MRR\Backend\src\ConsultCore31.Core\ConsultCore31.Core.csproj]
Warning: D:\a\AI4Devs-finalproject-finalproject-MRR\AI4Devs-finalproject-finalproject-MRR\Backend\src\ConsultCore31.Core\Entities\Proyecto.cs(192,40): warning CA2227: Change 'Gastos' to be read-only by removing the property setter (https://learn.microsoft.com/dotnet/fundamentals/code-analysis/quality-rules/ca2227) [D:\a\AI4Devs-finalproject-finalproject-MRR\AI4Devs-finalproject-finalproject-MRR\Backend\src\ConsultCore31.Core\ConsultCore31.Core.csproj]
Warning: D:\a\AI4Devs-finalproject-finalproject-MRR\AI4Devs-finalproject-finalproject-MRR\Backend\src\ConsultCore31.Core\Entities\Proyecto.cs(197,52): warning CA2227: Change 'AsignacionesViatico' to be read-only by removing the property setter (https://learn.microsoft.com/dotnet/fundamentals/code-analysis/quality-rules/ca2227) [D:\a\AI4Devs-finalproject-finalproject-MRR\AI4Devs-finalproject-finalproject-MRR\Backend\src\ConsultCore31.Core\ConsultCore31.Core.csproj]
Warning: D:\a\AI4Devs-finalproject-finalproject-MRR\AI4Devs-finalproject-finalproject-MRR\Backend\src\ConsultCore31.Core\Entities\Proyecto.cs(202,49): warning CA2227: Change 'InformesSemanales' to be read-only by removing the property setter (https://learn.microsoft.com/dotnet/fundamentals/code-analysis/quality-rules/ca2227) [D:\a\AI4Devs-finalproject-finalproject-MRR\AI4Devs-finalproject-finalproject-MRR\Backend\src\ConsultCore31.Core\ConsultCore31.Core.csproj]
Warning: D:\a\AI4Devs-finalproject-finalproject-MRR\AI4Devs-finalproject-finalproject-MRR\Backend\src\ConsultCore31.Core\Entities\Puesto.cs(51,46): warning CA2227: Change 'Empleados' to be read-only by removing the property setter (https://learn.microsoft.com/dotnet/fundamentals/code-analysis/quality-rules/ca2227) [D:\a\AI4Devs-finalproject-finalproject-MRR\AI4Devs-finalproject-finalproject-MRR\Backend\src\ConsultCore31.Core\ConsultCore31.Core.csproj]
Warning: D:\a\AI4Devs-finalproject-finalproject-MRR\AI4Devs-finalproject-finalproject-MRR\Backend\src\ConsultCore31.Core\Entities\AsignacionViatico.cs(190,52): warning CA2227: Change 'MovimientosViatico' to be read-only by removing the property setter (https://learn.microsoft.com/dotnet/fundamentals/code-analysis/quality-rules/ca2227) [D:\a\AI4Devs-finalproject-finalproject-MRR\AI4Devs-finalproject-finalproject-MRR\Backend\src\ConsultCore31.Core\ConsultCore31.Core.csproj]
Error: D:\a\AI4Devs-finalproject-finalproject-MRR\AI4Devs-finalproject-finalproject-MRR\Backend\src\ConsultCore31.Tests\Services\MonedaServiceTests.cs(51,106): error CS0117: 'Moneda' does not contain a definition for 'CreatedAt' [D:\a\AI4Devs-finalproject-finalproject-MRR\AI4Devs-finalproject-finalproject-MRR\Backend\src\ConsultCore31.Tests\ConsultCore31.Tests.csproj]
Error: D:\a\AI4Devs-finalproject-finalproject-MRR\AI4Devs-finalproject-finalproject-MRR\Backend\src\ConsultCore31.Tests\Services\MonedaServiceTests.cs(78,17): error CS0117: 'Moneda' does not contain a definition for 'CreatedAt' [D:\a\AI4Devs-finalproject-finalproject-MRR\AI4Devs-finalproject-finalproject-MRR\Backend\src\ConsultCore31.Tests\ConsultCore31.Tests.csproj]
Error: D:\a\AI4Devs-finalproject-finalproject-MRR\AI4Devs-finalproject-finalproject-MRR\Backend\src\ConsultCore31.Tests\Services\MonedaServiceTests.cs(128,28): error CS1061: 'Moneda' does not contain a definition for 'CreatedAt' and no accessible extension method 'CreatedAt' accepting a first argument of type 'Moneda' could be found (are you missing a using directive or an assembly reference?) [D:\a\AI4Devs-finalproject-finalproject-MRR\AI4Devs-finalproject-finalproject-MRR\Backend\src\ConsultCore31.Tests\ConsultCore31.Tests.csproj]
Error: D:\a\AI4Devs-finalproject-finalproject-MRR\AI4Devs-finalproject-finalproject-MRR\Backend\src\ConsultCore31.Tests\Services\EstadoProyectoServiceTests.cs(303,17): error CS1503: Argument 1: cannot convert from 'System.Linq.Expressions.Expression<System.Func<ConsultCore31.Core.Entities.EstadoProyecto, bool>>' to 'int' [D:\a\AI4Devs-finalproject-finalproject-MRR\AI4Devs-finalproject-finalproject-MRR\Backend\src\ConsultCore31.Tests\ConsultCore31.Tests.csproj]
Error: D:\a\AI4Devs-finalproject-finalproject-MRR\AI4Devs-finalproject-finalproject-MRR\Backend\src\ConsultCore31.Tests\Services\EstadoProyectoServiceTests.cs(323,17): error CS1503: Argument 1: cannot convert from 'System.Linq.Expressions.Expression<System.Func<ConsultCore31.Core.Entities.EstadoProyecto, bool>>' to 'int' [D:\a\AI4Devs-finalproject-finalproject-MRR\AI4Devs-finalproject-finalproject-MRR\Backend\src\ConsultCore31.Tests\ConsultCore31.Tests.csproj]
Error: D:\a\AI4Devs-finalproject-finalproject-MRR\AI4Devs-finalproject-finalproject-MRR\Backend\src\ConsultCore31.Tests\Services\MonedaServiceTests.cs(173,17): error CS0117: 'Moneda' does not contain a definition for 'CreatedAt' [D:\a\AI4Devs-finalproject-finalproject-MRR\AI4Devs-finalproject-finalproject-MRR\Backend\src\ConsultCore31.Tests\ConsultCore31.Tests.csproj]
Error: D:\a\AI4Devs-finalproject-finalproject-MRR\AI4Devs-finalproject-finalproject-MRR\Backend\src\ConsultCore31.Tests\Services\FrecuenciaMedicionServiceTests.cs(187,17): error CS0117: 'UpdateFrecuenciaMedicionDto' does not contain a definition for 'Activo' [D:\a\AI4Devs-finalproject-finalproject-MRR\AI4Devs-finalproject-finalproject-MRR\Backend\src\ConsultCore31.Tests\ConsultCore31.Tests.csproj]
Error: D:\a\AI4Devs-finalproject-finalproject-MRR\AI4Devs-finalproject-finalproject-MRR\Backend\src\ConsultCore31.Tests\Services\PrioridadTareaServiceTests.cs(50,95): error CS0117: 'PrioridadTarea' does not contain a definition for 'CreatedAt' [D:\a\AI4Devs-finalproject-finalproject-MRR\AI4Devs-finalproject-finalproject-MRR\Backend\src\ConsultCore31.Tests\ConsultCore31.Tests.csproj]
Error: D:\a\AI4Devs-finalproject-finalproject-MRR\AI4Devs-finalproject-finalproject-MRR\Backend\src\ConsultCore31.Tests\Services\PrioridadTareaServiceTests.cs(51,97): error CS0117: 'PrioridadTarea' does not contain a definition for 'CreatedAt' [D:\a\AI4Devs-finalproject-finalproject-MRR\AI4Devs-finalproject-finalproject-MRR\Backend\src\ConsultCore31.Tests\ConsultCore31.Tests.csproj]
Error: D:\a\AI4Devs-finalproject-finalproject-MRR\AI4Devs-finalproject-finalproject-MRR\Backend\src\ConsultCore31.Tests\Services\PuestoServiceTests.cs(50,99): error CS0117: 'Puesto' does not contain a definition for 'Nivel' [D:\a\AI4Devs-finalproject-finalproject-MRR\AI4Devs-finalproject-finalproject-MRR\Backend\src\ConsultCore31.Tests\ConsultCore31.Tests.csproj]
Error: D:\a\AI4Devs-finalproject-finalproject-MRR\AI4Devs-finalproject-finalproject-MRR\Backend\src\ConsultCore31.Tests\Services\PuestoServiceTests.cs(50,110): error CS0117: 'Puesto' does not contain a definition for 'CreatedAt' [D:\a\AI4Devs-finalproject-finalproject-MRR\AI4Devs-finalproject-finalproject-MRR\Backend\src\ConsultCore31.Tests\ConsultCore31.Tests.csproj]
Error: D:\a\AI4Devs-finalproject-finalproject-MRR\AI4Devs-finalproject-finalproject-MRR\Backend\src\ConsultCore31.Tests\Services\PuestoServiceTests.cs(51,97): error CS0117: 'Puesto' does not contain a definition for 'Nivel' [D:\a\AI4Devs-finalproject-finalproject-MRR\AI4Devs-finalproject-finalproject-MRR\Backend\src\ConsultCore31.Tests\ConsultCore31.Tests.csproj]
Error: D:\a\AI4Devs-finalproject-finalproject-MRR\AI4Devs-finalproject-finalproject-MRR\Backend\src\ConsultCore31.Tests\Services\PuestoServiceTests.cs(51,108): error CS0117: 'Puesto' does not contain a definition for 'CreatedAt' [D:\a\AI4Devs-finalproject-finalproject-MRR\AI4Devs-finalproject-finalproject-MRR\Backend\src\ConsultCore31.Tests\ConsultCore31.Tests.csproj]
Error: D:\a\AI4Devs-finalproject-finalproject-MRR\AI4Devs-finalproject-finalproject-MRR\Backend\src\ConsultCore31.Tests\Services\PrioridadTareaServiceTests.cs(76,17): error CS0117: 'PrioridadTarea' does not contain a definition for 'CreatedAt' [D:\a\AI4Devs-finalproject-finalproject-MRR\AI4Devs-finalproject-finalproject-MRR\Backend\src\ConsultCore31.Tests\ConsultCore31.Tests.csproj]
Error: D:\a\AI4Devs-finalproject-finalproject-MRR\AI4Devs-finalproject-finalproject-MRR\Backend\src\ConsultCore31.Tests\Services\PuestoServiceTests.cs(76,17): error CS0117: 'Puesto' does not contain a definition for 'Nivel' [D:\a\AI4Devs-finalproject-finalproject-MRR\AI4Devs-finalproject-finalproject-MRR\Backend\src\ConsultCore31.Tests\ConsultCore31.Tests.csproj]
Error: D:\a\AI4Devs-finalproject-finalproject-MRR\AI4Devs-finalproject-finalproject-MRR\Backend\src\ConsultCore31.Tests\Services\PuestoServiceTests.cs(77,17): error CS0117: 'Puesto' does not contain a definition for 'CreatedAt' [D:\a\AI4Devs-finalproject-finalproject-MRR\AI4Devs-finalproject-finalproject-MRR\Backend\src\ConsultCore31.Tests\ConsultCore31.Tests.csproj]
Error: D:\a\AI4Devs-finalproject-finalproject-MRR\AI4Devs-finalproject-finalproject-MRR\Backend\src\ConsultCore31.Tests\Services\PuestoServiceTests.cs(91,36): error CS1061: 'PuestoDto' does not contain a definition for 'Nivel' and no accessible extension method 'Nivel' accepting a first argument of type 'PuestoDto' could be found (are you missing a using directive or an assembly reference?) [D:\a\AI4Devs-finalproject-finalproject-MRR\AI4Devs-finalproject-finalproject-MRR\Backend\src\ConsultCore31.Tests\ConsultCore31.Tests.csproj]
Error: D:\a\AI4Devs-finalproject-finalproject-MRR\AI4Devs-finalproject-finalproject-MRR\Backend\src\ConsultCore31.Tests\Services\TareaServiceTests.cs(151,17): error CS0117: 'Tarea' does not contain a definition for 'Activo' [D:\a\AI4Devs-finalproject-finalproject-MRR\AI4Devs-finalproject-finalproject-MRR\Backend\src\ConsultCore31.Tests\ConsultCore31.Tests.csproj]
Error: D:\a\AI4Devs-finalproject-finalproject-MRR\AI4Devs-finalproject-finalproject-MRR\Backend\src\ConsultCore31.Tests\Services\TareaServiceTests.cs(190,17): error CS0117: 'Tarea' does not contain a definition for 'Activo' [D:\a\AI4Devs-finalproject-finalproject-MRR\AI4Devs-finalproject-finalproject-MRR\Backend\src\ConsultCore31.Tests\ConsultCore31.Tests.csproj]
Error: D:\a\AI4Devs-finalproject-finalproject-MRR\AI4Devs-finalproject-finalproject-MRR\Backend\src\ConsultCore31.Tests\Services\PrioridadTareaServiceTests.cs(121,17): error CS0117: 'PrioridadTarea' does not contain a definition for 'Activo' [D:\a\AI4Devs-finalproject-finalproject-MRR\AI4Devs-finalproject-finalproject-MRR\Backend\src\ConsultCore31.Tests\ConsultCore31.Tests.csproj]
Error: D:\a\AI4Devs-finalproject-finalproject-MRR\AI4Devs-finalproject-finalproject-MRR\Backend\src\ConsultCore31.Tests\Services\PrioridadTareaServiceTests.cs(122,17): error CS0117: 'PrioridadTarea' does not contain a definition for 'CreatedAt' [D:\a\AI4Devs-finalproject-finalproject-MRR\AI4Devs-finalproject-finalproject-MRR\Backend\src\ConsultCore31.Tests\ConsultCore31.Tests.csproj]
Error: D:\a\AI4Devs-finalproject-finalproject-MRR\AI4Devs-finalproject-finalproject-MRR\Backend\src\ConsultCore31.Tests\Services\PrioridadTareaServiceTests.cs(139,19): error CS1061: 'PrioridadTarea' does not contain a definition for 'Activo' and no accessible extension method 'Activo' accepting a first argument of type 'PrioridadTarea' could be found (are you missing a using directive or an assembly reference?) [D:\a\AI4Devs-finalproject-finalproject-MRR\AI4Devs-finalproject-finalproject-MRR\Backend\src\ConsultCore31.Tests\ConsultCore31.Tests.csproj]
Error: D:\a\AI4Devs-finalproject-finalproject-MRR\AI4Devs-finalproject-finalproject-MRR\Backend\src\ConsultCore31.Tests\Services\PuestoServiceTests.cs(116,17): error CS0117: 'CreatePuestoDto' does not contain a definition for 'Nivel' [D:\a\AI4Devs-finalproject-finalproject-MRR\AI4Devs-finalproject-finalproject-MRR\Backend\src\ConsultCore31.Tests\ConsultCore31.Tests.csproj]
Error: D:\a\AI4Devs-finalproject-finalproject-MRR\AI4Devs-finalproject-finalproject-MRR\Backend\src\ConsultCore31.Tests\Services\PuestoServiceTests.cs(126,28): error CS1061: 'Puesto' does not contain a definition for 'CreatedAt' and no accessible extension method 'CreatedAt' accepting a first argument of type 'Puesto' could be found (are you missing a using directive or an assembly reference?) [D:\a\AI4Devs-finalproject-finalproject-MRR\AI4Devs-finalproject-finalproject-MRR\Backend\src\ConsultCore31.Tests\ConsultCore31.Tests.csproj]
Error: D:\a\AI4Devs-finalproject-finalproject-MRR\AI4Devs-finalproject-finalproject-MRR\Backend\src\ConsultCore31.Tests\Services\PuestoServiceTests.cs(139,36): error CS1061: 'PuestoDto' does not contain a definition for 'Nivel' and no accessible extension method 'Nivel' accepting a first argument of type 'PuestoDto' could be found (are you missing a using directive or an assembly reference?) [D:\a\AI4Devs-finalproject-finalproject-MRR\AI4Devs-finalproject-finalproject-MRR\Backend\src\ConsultCore31.Tests\ConsultCore31.Tests.csproj]
Error: D:\a\AI4Devs-finalproject-finalproject-MRR\AI4Devs-finalproject-finalproject-MRR\Backend\src\ConsultCore31.Tests\Services\PrioridadTareaServiceTests.cs(151,17): error CS0117: 'UpdatePrioridadTareaDto' does not contain a definition for 'Activo' [D:\a\AI4Devs-finalproject-finalproject-MRR\AI4Devs-finalproject-finalproject-MRR\Backend\src\ConsultCore31.Tests\ConsultCore31.Tests.csproj]
Error: D:\a\AI4Devs-finalproject-finalproject-MRR\AI4Devs-finalproject-finalproject-MRR\Backend\src\ConsultCore31.Tests\Services\PrioridadTareaServiceTests.cs(159,17): error CS0117: 'PrioridadTarea' does not contain a definition for 'Activo' [D:\a\AI4Devs-finalproject-finalproject-MRR\AI4Devs-finalproject-finalproject-MRR\Backend\src\ConsultCore31.Tests\ConsultCore31.Tests.csproj]
Error: D:\a\AI4Devs-finalproject-finalproject-MRR\AI4Devs-finalproject-finalproject-MRR\Backend\src\ConsultCore31.Tests\Services\PrioridadTareaServiceTests.cs(160,17): error CS0117: 'PrioridadTarea' does not contain a definition for 'CreatedAt' [D:\a\AI4Devs-finalproject-finalproject-MRR\AI4Devs-finalproject-finalproject-MRR\Backend\src\ConsultCore31.Tests\ConsultCore31.Tests.csproj]
Error: D:\a\AI4Devs-finalproject-finalproject-MRR\AI4Devs-finalproject-finalproject-MRR\Backend\src\ConsultCore31.Tests\Services\PrioridadTareaServiceTests.cs(175,19): error CS1061: 'PrioridadTarea' does not contain a definition for 'Activo' and no accessible extension method 'Activo' accepting a first argument of type 'PrioridadTarea' could be found (are you missing a using directive or an assembly reference?) [D:\a\AI4Devs-finalproject-finalproject-MRR\AI4Devs-finalproject-finalproject-MRR\Backend\src\ConsultCore31.Tests\ConsultCore31.Tests.csproj]
Error: D:\a\AI4Devs-finalproject-finalproject-MRR\AI4Devs-finalproject-finalproject-MRR\Backend\src\ConsultCore31.Tests\Services\PuestoServiceTests.cs(154,17): error CS0117: 'UpdatePuestoDto' does not contain a definition for 'Nivel' [D:\a\AI4Devs-finalproject-finalproject-MRR\AI4Devs-finalproject-finalproject-MRR\Backend\src\ConsultCore31.Tests\ConsultCore31.Tests.csproj]
Error: D:\a\AI4Devs-finalproject-finalproject-MRR\AI4Devs-finalproject-finalproject-MRR\Backend\src\ConsultCore31.Tests\Services\PuestoServiceTests.cs(163,17): error CS0117: 'Puesto' does not contain a definition for 'Nivel' [D:\a\AI4Devs-finalproject-finalproject-MRR\AI4Devs-finalproject-finalproject-MRR\Backend\src\ConsultCore31.Tests\ConsultCore31.Tests.csproj]
Error: D:\a\AI4Devs-finalproject-finalproject-MRR\AI4Devs-finalproject-finalproject-MRR\Backend\src\ConsultCore31.Tests\Services\PuestoServiceTests.cs(165,17): error CS0117: 'Puesto' does not contain a definition for 'CreatedAt' [D:\a\AI4Devs-finalproject-finalproject-MRR\AI4Devs-finalproject-finalproject-MRR\Backend\src\ConsultCore31.Tests\ConsultCore31.Tests.csproj]
Error: D:\a\AI4Devs-finalproject-finalproject-MRR\AI4Devs-finalproject-finalproject-MRR\Backend\src\ConsultCore31.Tests\Services\PuestoServiceTests.cs(180,19): error CS1061: 'Puesto' does not contain a definition for 'Nivel' and no accessible extension method 'Nivel' accepting a first argument of type 'Puesto' could be found (are you missing a using directive or an assembly reference?) [D:\a\AI4Devs-finalproject-finalproject-MRR\AI4Devs-finalproject-finalproject-MRR\Backend\src\ConsultCore31.Tests\ConsultCore31.Tests.csproj]
Error: D:\a\AI4Devs-finalproject-finalproject-MRR\AI4Devs-finalproject-finalproject-MRR\Backend\src\ConsultCore31.Tests\Services\PrioridadTareaServiceTests.cs(187,17): error CS0117: 'UpdatePrioridadTareaDto' does not contain a definition for 'Activo' [D:\a\AI4Devs-finalproject-finalproject-MRR\AI4Devs-finalproject-finalproject-MRR\Backend\src\ConsultCore31.Tests\ConsultCore31.Tests.csproj]
Error: D:\a\AI4Devs-finalproject-finalproject-MRR\AI4Devs-finalproject-finalproject-MRR\Backend\src\ConsultCore31.Tests\Services\PuestoServiceTests.cs(193,17): error CS0117: 'UpdatePuestoDto' does not contain a definition for 'Nivel' [D:\a\AI4Devs-finalproject-finalproject-MRR\AI4Devs-finalproject-finalproject-MRR\Backend\src\ConsultCore31.Tests\ConsultCore31.Tests.csproj]
    1042 Warning(s)
    119 Error(s)

Time Elapsed 00:00:45.40
Error: Process completed with exit code 1.